<?xml version="1.0" encoding="UTF-8"?>
<!-- Generated by org.testng.reporters.JUnitReportReporter -->
<testsuite skipped="0" hostname="SUDHAPAT-IN" name="com.actitime.tests.Login" tests="2" failures="0" timestamp="2022-09-11T21:49:58 IST" time="71.182" errors="0">
  <testcase name="login_001" time="32.898" classname="com.actitime.tests.Login"/>
  <system-out/>
  <testcase name="login_002" time="38.284" classname="com.actitime.tests.Login"/>
  <system-out/>
</testsuite> <!-- com.actitime.tests.Login -->
